2020-05-16 00:03:06.821 [INFO ] [main] c.e.d.DevopscasestudyApplicationTests - Starting DevopscasestudyApplicationTests on DESKTOP-ABJ3RHS with PID 17904 (started by VenkataSivaKameswari in C:\devops\java\devopscasestudy)
2020-05-16 00:03:06.848 [INFO ] [main] c.e.d.DevopscasestudyApplicationTests - No active profile set, falling back to default profiles: default
2020-05-16 00:03:06.998 [DEBUG] [main] o.s.w.c.s.GenericWebApplicationContext - Refreshing org.springframework.web.context.support.GenericWebApplicationContext@6ee4d9ab
2020-05-16 00:03:08.817 [INFO ] [main] o.s.d.r.c.RepositoryConfigurationDelegate - Bootstrapping Spring Data JPA repositories in DEFAULT mode.
2020-05-16 00:03:09.025 [INFO ] [main] o.s.d.r.c.RepositoryConfigurationDelegate - Finished Spring Data repository scanning in 167ms. Found 1 JPA repository interfaces.
2020-05-16 00:03:10.687 [INFO ] [main] o.h.j.i.u.LogHelper - HHH000204: Processing PersistenceUnitInfo [name: default]
2020-05-16 00:03:10.931 [INFO ] [main] o.h.Version - HHH000412: Hibernate ORM core version 5.4.12.Final
2020-05-16 00:03:11.354 [INFO ] [main] o.h.a.c.Version - HCANN000001: Hibernate Commons Annotations {5.1.0.Final}
2020-05-16 00:03:12.204 [INFO ] [main] c.z.h.HikariDataSource - HikariPool-1 - Starting...
2020-05-16 00:03:12.502 [INFO ] [main] c.z.h.HikariDataSource - HikariPool-1 - Start completed.
2020-05-16 00:03:12.578 [INFO ] [main] o.h.d.Dialect - HHH000400: Using dialect: org.hibernate.dialect.MySQL55Dialect
2020-05-16 00:03:14.044 [INFO ] [main] o.h.e.t.j.p.i.JtaPlatformInitiator - HHH000490: Using JtaPlatform implementation: [org.hibernate.engine.transaction.jta.platform.internal.NoJtaPlatform]
2020-05-16 00:03:14.055 [INFO ] [main] o.s.o.j.LocalContainerEntityManagerFactoryBean - Initialized JPA EntityManagerFactory for persistence unit 'default'
2020-05-16 00:03:15.399 [WARN ] [main] o.s.b.a.o.j.JpaBaseConfiguration$JpaWebConfiguration - spring.jpa.open-in-view is enabled by default. Therefore, database queries may be performed during view rendering. Explicitly configure spring.jpa.open-in-view to disable this warning
2020-05-16 00:03:15.995 [INFO ] [main] o.s.s.c.ThreadPoolTaskExecutor - Initializing ExecutorService 'applicationTaskExecutor'
2020-05-16 00:03:16.049 [DEBUG] [main] o.s.w.s.m.m.a.RequestMappingHandlerAdapter - ControllerAdvice beans: 0 @ModelAttribute, 0 @InitBinder, 1 RequestBodyAdvice, 1 ResponseBodyAdvice
2020-05-16 00:03:16.230 [DEBUG] [main] o.s.w.s.m.m.a.RequestMappingHandlerMapping - 7 mappings in 'requestMappingHandlerMapping'
2020-05-16 00:03:16.377 [DEBUG] [main] o.s.w.s.h.SimpleUrlHandlerMapping - Patterns [/webjars/**, /**] in 'resourceHandlerMapping'
2020-05-16 00:03:16.421 [DEBUG] [main] o.s.w.s.m.m.a.ExceptionHandlerExceptionResolver - ControllerAdvice beans: 0 @ExceptionHandler, 1 ResponseBodyAdvice
2020-05-16 00:03:16.858 [INFO ] [main] c.e.d.DevopscasestudyApplicationTests - Started DevopscasestudyApplicationTests in 10.989 seconds (JVM running for 16.246)
2020-05-16 00:03:17.252 [INFO ] [main] c.e.d.a.ProductAPI - Processing findAll request
2020-05-16 00:03:17.760 [DEBUG] [SpringContextShutdownHook] o.s.w.c.s.GenericWebApplicationContext - Closing org.springframework.web.context.support.GenericWebApplicationContext@6ee4d9ab, started on Sat May 16 00:03:06 IST 2020
2020-05-16 00:03:17.770 [INFO ] [SpringContextShutdownHook] o.s.s.c.ThreadPoolTaskExecutor - Shutting down ExecutorService 'applicationTaskExecutor'
2020-05-16 00:03:17.773 [INFO ] [SpringContextShutdownHook] o.s.o.j.LocalContainerEntityManagerFactoryBean - Closing JPA EntityManagerFactory for persistence unit 'default'
2020-05-16 00:03:17.779 [INFO ] [SpringContextShutdownHook] c.z.h.HikariDataSource - HikariPool-1 - Shutdown initiated...
2020-05-16 00:03:17.830 [INFO ] [SpringContextShutdownHook] c.z.h.HikariDataSource - HikariPool-1 - Shutdown completed.
