2020-05-17 14:16:18.873 [INFO ] [restartedMain] c.e.d.DevopscasestudyApplication - Starting DevopscasestudyApplication on DESKTOP-ADV8I8R with PID 13000 (C:\devops\java\devopscasestudy\target\classes started by SiddhiKshirsagar in C:\devops\java\devopscasestudy)
2020-05-17 14:16:18.887 [INFO ] [restartedMain] c.e.d.DevopscasestudyApplication - No active profile set, falling back to default profiles: default
2020-05-17 14:16:19.020 [INFO ] [restartedMain] o.s.b.d.r.ChangeableUrls - The Class-Path manifest attribute in C:\Users\SiddhiKshirsagar\.m2\repository\org\glassfish\jaxb\jaxb-runtime\2.3.2\jaxb-runtime-2.3.2.jar referenced one or more files that do not exist: file:/C:/Users/SiddhiKshirsagar/.m2/repository/org/glassfish/jaxb/jaxb-runtime/2.3.2/jakarta.xml.bind-api-2.3.2.jar,file:/C:/Users/SiddhiKshirsagar/.m2/repository/org/glassfish/jaxb/jaxb-runtime/2.3.2/txw2-2.3.2.jar,file:/C:/Users/SiddhiKshirsagar/.m2/repository/org/glassfish/jaxb/jaxb-runtime/2.3.2/istack-commons-runtime-3.0.8.jar,file:/C:/Users/SiddhiKshirsagar/.m2/repository/org/glassfish/jaxb/jaxb-runtime/2.3.2/stax-ex-1.8.1.jar,file:/C:/Users/SiddhiKshirsagar/.m2/repository/org/glassfish/jaxb/jaxb-runtime/2.3.2/FastInfoset-1.2.16.jar,file:/C:/Users/SiddhiKshirsagar/.m2/repository/org/glassfish/jaxb/jaxb-runtime/2.3.2/jakarta.activation-api-1.2.1.jar
2020-05-17 14:16:19.021 [INFO ] [restartedMain] o.s.b.d.e.DevToolsPropertyDefaultsPostProcessor - Devtools property defaults active! Set 'spring.devtools.add-properties' to 'false' to disable
2020-05-17 14:16:19.021 [INFO ] [restartedMain] o.s.b.d.e.DevToolsPropertyDefaultsPostProcessor - For additional web related logging consider setting the 'logging.level.web' property to 'DEBUG'
2020-05-17 14:16:20.316 [INFO ] [restartedMain] o.s.d.r.c.RepositoryConfigurationDelegate - Bootstrapping Spring Data JPA repositories in DEFAULT mode.
2020-05-17 14:16:20.416 [INFO ] [restartedMain] o.s.d.r.c.RepositoryConfigurationDelegate - Finished Spring Data repository scanning in 84ms. Found 1 JPA repository interfaces.
2020-05-17 14:16:21.435 [INFO ] [restartedMain] o.s.b.w.e.t.TomcatWebServer - Tomcat initialized with port(s): 8085 (http)
2020-05-17 14:16:21.450 [INFO ] [restartedMain] o.a.c.c.StandardService - Starting service [Tomcat]
2020-05-17 14:16:21.451 [INFO ] [restartedMain] o.a.c.c.StandardEngine - Starting Servlet engine: [Apache Tomcat/9.0.33]
2020-05-17 14:16:21.617 [INFO ] [restartedMain] o.a.c.c.C.[.[.[/] - Initializing Spring embedded WebApplicationContext
2020-05-17 14:16:21.618 [INFO ] [restartedMain] o.s.w.c.ContextLoader - Root WebApplicationContext: initialization completed in 2596 ms
2020-05-17 14:16:21.900 [INFO ] [restartedMain] o.h.j.i.u.LogHelper - HHH000204: Processing PersistenceUnitInfo [name: default]
2020-05-17 14:16:22.060 [INFO ] [restartedMain] o.h.Version - HHH000412: Hibernate ORM core version 5.4.12.Final
2020-05-17 14:16:22.363 [INFO ] [restartedMain] o.h.a.c.Version - HCANN000001: Hibernate Commons Annotations {5.1.0.Final}
2020-05-17 14:16:22.739 [INFO ] [restartedMain] c.z.h.HikariDataSource - HikariPool-1 - Starting...
2020-05-17 14:16:22.993 [INFO ] [restartedMain] c.z.h.HikariDataSource - HikariPool-1 - Start completed.
2020-05-17 14:16:23.035 [INFO ] [restartedMain] o.h.d.Dialect - HHH000400: Using dialect: org.hibernate.dialect.MySQL55Dialect
2020-05-17 14:16:24.813 [INFO ] [restartedMain] o.h.e.t.j.p.i.JtaPlatformInitiator - HHH000490: Using JtaPlatform implementation: [org.hibernate.engine.transaction.jta.platform.internal.NoJtaPlatform]
2020-05-17 14:16:24.831 [INFO ] [restartedMain] o.s.o.j.LocalContainerEntityManagerFactoryBean - Initialized JPA EntityManagerFactory for persistence unit 'default'
2020-05-17 14:16:24.892 [INFO ] [restartedMain] o.s.b.d.a.OptionalLiveReloadServer - LiveReload server is running on port 35729
2020-05-17 14:16:25.541 [WARN ] [restartedMain] o.s.b.a.o.j.JpaBaseConfiguration$JpaWebConfiguration - spring.jpa.open-in-view is enabled by default. Therefore, database queries may be performed during view rendering. Explicitly configure spring.jpa.open-in-view to disable this warning
2020-05-17 14:16:25.737 [INFO ] [restartedMain] o.s.s.c.ThreadPoolTaskExecutor - Initializing ExecutorService 'applicationTaskExecutor'
2020-05-17 14:16:26.106 [INFO ] [restartedMain] o.s.b.w.e.t.TomcatWebServer - Tomcat started on port(s): 8085 (http) with context path ''
2020-05-17 14:16:26.110 [INFO ] [restartedMain] c.e.d.DevopscasestudyApplication - Started DevopscasestudyApplication in 7.87 seconds (JVM running for 9.287)
2020-05-17 14:28:01.853 [INFO ] [restartedMain] c.e.d.DevopscasestudyApplication - Starting DevopscasestudyApplication on DESKTOP-ADV8I8R with PID 9344 (C:\devops\java\devopscasestudy\target\classes started by SiddhiKshirsagar in C:\devops\java\devopscasestudy)
2020-05-17 14:28:01.858 [INFO ] [restartedMain] c.e.d.DevopscasestudyApplication - No active profile set, falling back to default profiles: default
2020-05-17 14:28:01.961 [INFO ] [restartedMain] o.s.b.d.r.ChangeableUrls - The Class-Path manifest attribute in C:\Users\SiddhiKshirsagar\.m2\repository\org\glassfish\jaxb\jaxb-runtime\2.3.2\jaxb-runtime-2.3.2.jar referenced one or more files that do not exist: file:/C:/Users/SiddhiKshirsagar/.m2/repository/org/glassfish/jaxb/jaxb-runtime/2.3.2/jakarta.xml.bind-api-2.3.2.jar,file:/C:/Users/SiddhiKshirsagar/.m2/repository/org/glassfish/jaxb/jaxb-runtime/2.3.2/txw2-2.3.2.jar,file:/C:/Users/SiddhiKshirsagar/.m2/repository/org/glassfish/jaxb/jaxb-runtime/2.3.2/istack-commons-runtime-3.0.8.jar,file:/C:/Users/SiddhiKshirsagar/.m2/repository/org/glassfish/jaxb/jaxb-runtime/2.3.2/stax-ex-1.8.1.jar,file:/C:/Users/SiddhiKshirsagar/.m2/repository/org/glassfish/jaxb/jaxb-runtime/2.3.2/FastInfoset-1.2.16.jar,file:/C:/Users/SiddhiKshirsagar/.m2/repository/org/glassfish/jaxb/jaxb-runtime/2.3.2/jakarta.activation-api-1.2.1.jar
2020-05-17 14:28:01.961 [INFO ] [restartedMain] o.s.b.d.e.DevToolsPropertyDefaultsPostProcessor - Devtools property defaults active! Set 'spring.devtools.add-properties' to 'false' to disable
2020-05-17 14:28:01.962 [INFO ] [restartedMain] o.s.b.d.e.DevToolsPropertyDefaultsPostProcessor - For additional web related logging consider setting the 'logging.level.web' property to 'DEBUG'
2020-05-17 14:28:03.074 [INFO ] [restartedMain] o.s.d.r.c.RepositoryConfigurationDelegate - Bootstrapping Spring Data JPA repositories in DEFAULT mode.
2020-05-17 14:28:03.147 [INFO ] [restartedMain] o.s.d.r.c.RepositoryConfigurationDelegate - Finished Spring Data repository scanning in 62ms. Found 1 JPA repository interfaces.
2020-05-17 14:28:03.788 [INFO ] [restartedMain] o.s.b.w.e.t.TomcatWebServer - Tomcat initialized with port(s): 8085 (http)
2020-05-17 14:28:03.797 [INFO ] [restartedMain] o.a.c.c.StandardService - Starting service [Tomcat]
2020-05-17 14:28:03.797 [INFO ] [restartedMain] o.a.c.c.StandardEngine - Starting Servlet engine: [Apache Tomcat/9.0.33]
2020-05-17 14:28:03.899 [INFO ] [restartedMain] o.a.c.c.C.[.[.[/] - Initializing Spring embedded WebApplicationContext
2020-05-17 14:28:03.899 [INFO ] [restartedMain] o.s.w.c.ContextLoader - Root WebApplicationContext: initialization completed in 1936 ms
2020-05-17 14:28:04.072 [INFO ] [restartedMain] o.h.j.i.u.LogHelper - HHH000204: Processing PersistenceUnitInfo [name: default]
2020-05-17 14:28:04.143 [INFO ] [restartedMain] o.h.Version - HHH000412: Hibernate ORM core version 5.4.12.Final
2020-05-17 14:28:04.299 [INFO ] [restartedMain] o.h.a.c.Version - HCANN000001: Hibernate Commons Annotations {5.1.0.Final}
2020-05-17 14:28:04.521 [INFO ] [restartedMain] c.z.h.HikariDataSource - HikariPool-1 - Starting...
2020-05-17 14:28:04.663 [INFO ] [restartedMain] c.z.h.HikariDataSource - HikariPool-1 - Start completed.
2020-05-17 14:28:04.688 [INFO ] [restartedMain] o.h.d.Dialect - HHH000400: Using dialect: org.hibernate.dialect.MySQL55Dialect
2020-05-17 14:28:05.552 [INFO ] [restartedMain] o.h.e.t.j.p.i.JtaPlatformInitiator - HHH000490: Using JtaPlatform implementation: [org.hibernate.engine.transaction.jta.platform.internal.NoJtaPlatform]
2020-05-17 14:28:05.560 [INFO ] [restartedMain] o.s.o.j.LocalContainerEntityManagerFactoryBean - Initialized JPA EntityManagerFactory for persistence unit 'default'
2020-05-17 14:28:05.590 [WARN ] [restartedMain] o.s.b.d.a.OptionalLiveReloadServer - Unable to start LiveReload server
2020-05-17 14:28:05.965 [WARN ] [restartedMain] o.s.b.a.o.j.JpaBaseConfiguration$JpaWebConfiguration - spring.jpa.open-in-view is enabled by default. Therefore, database queries may be performed during view rendering. Explicitly configure spring.jpa.open-in-view to disable this warning
2020-05-17 14:28:06.108 [INFO ] [restartedMain] o.s.s.c.ThreadPoolTaskExecutor - Initializing ExecutorService 'applicationTaskExecutor'
2020-05-17 14:28:06.346 [INFO ] [restartedMain] o.a.c.c.StandardService - Stopping service [Tomcat]
2020-05-17 14:28:06.355 [INFO ] [restartedMain] o.s.b.a.l.ConditionEvaluationReportLoggingListener - 

Error starting ApplicationContext. To display the conditions report re-run your application with 'debug' enabled.
2020-05-17 14:28:06.360 [ERROR] [restartedMain] o.s.b.d.LoggingFailureAnalysisReporter - 

***************************
APPLICATION FAILED TO START
***************************

Description:

Web server failed to start. Port 8085 was already in use.

Action:

Identify and stop the process that's listening on port 8085 or configure this application to listen on another port.

2020-05-17 14:28:06.364 [INFO ] [restartedMain] o.s.s.c.ThreadPoolTaskExecutor - Shutting down ExecutorService 'applicationTaskExecutor'
2020-05-17 14:28:06.365 [INFO ] [restartedMain] o.s.o.j.LocalContainerEntityManagerFactoryBean - Closing JPA EntityManagerFactory for persistence unit 'default'
2020-05-17 14:28:06.370 [INFO ] [restartedMain] c.z.h.HikariDataSource - HikariPool-1 - Shutdown initiated...
2020-05-17 14:28:06.378 [INFO ] [restartedMain] c.z.h.HikariDataSource - HikariPool-1 - Shutdown completed.
2020-05-17 14:41:29.198 [INFO ] [RMI TCP Connection(5)-127.0.0.1] o.s.b.a.SpringApplicationAdminMXBeanRegistrar$SpringApplicationAdmin - Application shutdown requested.
2020-05-17 14:41:29.208 [INFO ] [RMI TCP Connection(5)-127.0.0.1] o.s.s.c.ThreadPoolTaskExecutor - Shutting down ExecutorService 'applicationTaskExecutor'
2020-05-17 14:41:29.209 [INFO ] [RMI TCP Connection(5)-127.0.0.1] o.s.o.j.LocalContainerEntityManagerFactoryBean - Closing JPA EntityManagerFactory for persistence unit 'default'
2020-05-17 14:41:29.220 [INFO ] [RMI TCP Connection(5)-127.0.0.1] c.z.h.HikariDataSource - HikariPool-1 - Shutdown initiated...
2020-05-17 14:41:29.240 [INFO ] [RMI TCP Connection(5)-127.0.0.1] c.z.h.HikariDataSource - HikariPool-1 - Shutdown completed.
2020-05-17 14:49:19.465 [INFO ] [restartedMain] c.e.d.DevopscasestudyApplication - Starting DevopscasestudyApplication on DESKTOP-ADV8I8R with PID 7796 (C:\devops\java\devopscasestudy\target\classes started by SiddhiKshirsagar in C:\devops\java\devopscasestudy)
2020-05-17 14:49:19.486 [INFO ] [restartedMain] c.e.d.DevopscasestudyApplication - No active profile set, falling back to default profiles: default
2020-05-17 14:49:19.615 [INFO ] [restartedMain] o.s.b.d.r.ChangeableUrls - The Class-Path manifest attribute in C:\Users\SiddhiKshirsagar\.m2\repository\org\glassfish\jaxb\jaxb-runtime\2.3.2\jaxb-runtime-2.3.2.jar referenced one or more files that do not exist: file:/C:/Users/SiddhiKshirsagar/.m2/repository/org/glassfish/jaxb/jaxb-runtime/2.3.2/jakarta.xml.bind-api-2.3.2.jar,file:/C:/Users/SiddhiKshirsagar/.m2/repository/org/glassfish/jaxb/jaxb-runtime/2.3.2/txw2-2.3.2.jar,file:/C:/Users/SiddhiKshirsagar/.m2/repository/org/glassfish/jaxb/jaxb-runtime/2.3.2/istack-commons-runtime-3.0.8.jar,file:/C:/Users/SiddhiKshirsagar/.m2/repository/org/glassfish/jaxb/jaxb-runtime/2.3.2/stax-ex-1.8.1.jar,file:/C:/Users/SiddhiKshirsagar/.m2/repository/org/glassfish/jaxb/jaxb-runtime/2.3.2/FastInfoset-1.2.16.jar,file:/C:/Users/SiddhiKshirsagar/.m2/repository/org/glassfish/jaxb/jaxb-runtime/2.3.2/jakarta.activation-api-1.2.1.jar
2020-05-17 14:49:19.615 [INFO ] [restartedMain] o.s.b.d.e.DevToolsPropertyDefaultsPostProcessor - Devtools property defaults active! Set 'spring.devtools.add-properties' to 'false' to disable
2020-05-17 14:49:19.616 [INFO ] [restartedMain] o.s.b.d.e.DevToolsPropertyDefaultsPostProcessor - For additional web related logging consider setting the 'logging.level.web' property to 'DEBUG'
2020-05-17 14:49:20.747 [INFO ] [restartedMain] o.s.d.r.c.RepositoryConfigurationDelegate - Bootstrapping Spring Data JPA repositories in DEFAULT mode.
2020-05-17 14:49:20.820 [INFO ] [restartedMain] o.s.d.r.c.RepositoryConfigurationDelegate - Finished Spring Data repository scanning in 62ms. Found 1 JPA repository interfaces.
2020-05-17 14:49:21.542 [INFO ] [restartedMain] o.s.b.w.e.t.TomcatWebServer - Tomcat initialized with port(s): 8085 (http)
2020-05-17 14:49:21.553 [INFO ] [restartedMain] o.a.c.c.StandardService - Starting service [Tomcat]
2020-05-17 14:49:21.554 [INFO ] [restartedMain] o.a.c.c.StandardEngine - Starting Servlet engine: [Apache Tomcat/9.0.33]
2020-05-17 14:49:21.663 [INFO ] [restartedMain] o.a.c.c.C.[.[.[/] - Initializing Spring embedded WebApplicationContext
2020-05-17 14:49:21.663 [INFO ] [restartedMain] o.s.w.c.ContextLoader - Root WebApplicationContext: initialization completed in 2047 ms
2020-05-17 14:49:21.870 [INFO ] [restartedMain] o.h.j.i.u.LogHelper - HHH000204: Processing PersistenceUnitInfo [name: default]
2020-05-17 14:49:21.990 [INFO ] [restartedMain] o.h.Version - HHH000412: Hibernate ORM core version 5.4.12.Final
2020-05-17 14:49:22.220 [INFO ] [restartedMain] o.h.a.c.Version - HCANN000001: Hibernate Commons Annotations {5.1.0.Final}
2020-05-17 14:49:22.481 [INFO ] [restartedMain] c.z.h.HikariDataSource - HikariPool-1 - Starting...
2020-05-17 14:49:22.650 [INFO ] [restartedMain] c.z.h.HikariDataSource - HikariPool-1 - Start completed.
2020-05-17 14:49:22.678 [INFO ] [restartedMain] o.h.d.Dialect - HHH000400: Using dialect: org.hibernate.dialect.MySQL55Dialect
2020-05-17 14:49:23.692 [INFO ] [restartedMain] o.h.e.t.j.p.i.JtaPlatformInitiator - HHH000490: Using JtaPlatform implementation: [org.hibernate.engine.transaction.jta.platform.internal.NoJtaPlatform]
2020-05-17 14:49:23.700 [INFO ] [restartedMain] o.s.o.j.LocalContainerEntityManagerFactoryBean - Initialized JPA EntityManagerFactory for persistence unit 'default'
2020-05-17 14:49:23.737 [INFO ] [restartedMain] o.s.b.d.a.OptionalLiveReloadServer - LiveReload server is running on port 35729
2020-05-17 14:49:24.430 [WARN ] [restartedMain] o.s.b.a.o.j.JpaBaseConfiguration$JpaWebConfiguration - spring.jpa.open-in-view is enabled by default. Therefore, database queries may be performed during view rendering. Explicitly configure spring.jpa.open-in-view to disable this warning
2020-05-17 14:49:24.692 [INFO ] [restartedMain] o.s.s.c.ThreadPoolTaskExecutor - Initializing ExecutorService 'applicationTaskExecutor'
2020-05-17 14:49:25.092 [INFO ] [restartedMain] o.s.b.w.e.t.TomcatWebServer - Tomcat started on port(s): 8085 (http) with context path ''
2020-05-17 14:49:25.095 [INFO ] [restartedMain] c.e.d.DevopscasestudyApplication - Started DevopscasestudyApplication in 6.124 seconds (JVM running for 7.442)
2020-05-17 14:51:10.502 [INFO ] [Thread-5] o.s.s.c.ThreadPoolTaskExecutor - Shutting down ExecutorService 'applicationTaskExecutor'
2020-05-17 14:51:10.505 [INFO ] [Thread-5] o.s.o.j.LocalContainerEntityManagerFactoryBean - Closing JPA EntityManagerFactory for persistence unit 'default'
2020-05-17 14:51:10.515 [INFO ] [Thread-5] c.z.h.HikariDataSource - HikariPool-1 - Shutdown initiated...
2020-05-17 14:51:10.613 [INFO ] [Thread-5] c.z.h.HikariDataSource - HikariPool-1 - Shutdown completed.
2020-05-17 14:51:14.719 [INFO ] [restartedMain] c.e.d.DevopscasestudyApplication - Starting DevopscasestudyApplication on DESKTOP-ADV8I8R with PID 7796 (C:\devops\java\devopscasestudy\target\classes started by SiddhiKshirsagar in C:\devops\java\devopscasestudy)
2020-05-17 14:51:14.720 [INFO ] [restartedMain] c.e.d.DevopscasestudyApplication - No active profile set, falling back to default profiles: default
2020-05-17 14:51:15.346 [INFO ] [restartedMain] o.s.d.r.c.RepositoryConfigurationDelegate - Bootstrapping Spring Data JPA repositories in DEFAULT mode.
2020-05-17 14:51:15.368 [INFO ] [restartedMain] o.s.d.r.c.RepositoryConfigurationDelegate - Finished Spring Data repository scanning in 21ms. Found 1 JPA repository interfaces.
2020-05-17 14:51:15.741 [INFO ] [restartedMain] o.s.b.w.e.t.TomcatWebServer - Tomcat initialized with port(s): 8085 (http)
2020-05-17 14:51:15.743 [INFO ] [restartedMain] o.a.c.c.StandardService - Starting service [Tomcat]
2020-05-17 14:51:15.744 [INFO ] [restartedMain] o.a.c.c.StandardEngine - Starting Servlet engine: [Apache Tomcat/9.0.33]
2020-05-17 14:51:15.770 [INFO ] [restartedMain] o.a.c.c.C.[.[.[/] - Initializing Spring embedded WebApplicationContext
2020-05-17 14:51:15.771 [INFO ] [restartedMain] o.s.w.c.ContextLoader - Root WebApplicationContext: initialization completed in 1045 ms
2020-05-17 14:51:15.876 [INFO ] [restartedMain] o.h.j.i.u.LogHelper - HHH000204: Processing PersistenceUnitInfo [name: default]
2020-05-17 14:51:15.885 [INFO ] [restartedMain] c.z.h.HikariDataSource - HikariPool-2 - Starting...
2020-05-17 14:51:15.895 [INFO ] [restartedMain] c.z.h.HikariDataSource - HikariPool-2 - Start completed.
2020-05-17 14:51:15.895 [INFO ] [restartedMain] o.h.d.Dialect - HHH000400: Using dialect: org.hibernate.dialect.MySQL55Dialect
2020-05-17 14:51:16.262 [INFO ] [restartedMain] o.h.e.t.j.p.i.JtaPlatformInitiator - HHH000490: Using JtaPlatform implementation: [org.hibernate.engine.transaction.jta.platform.internal.NoJtaPlatform]
2020-05-17 14:51:16.263 [INFO ] [restartedMain] o.s.o.j.LocalContainerEntityManagerFactoryBean - Initialized JPA EntityManagerFactory for persistence unit 'default'
2020-05-17 14:51:16.286 [INFO ] [restartedMain] o.s.b.d.a.OptionalLiveReloadServer - LiveReload server is running on port 35729
2020-05-17 14:51:16.437 [WARN ] [restartedMain] o.s.b.a.o.j.JpaBaseConfiguration$JpaWebConfiguration - spring.jpa.open-in-view is enabled by default. Therefore, database queries may be performed during view rendering. Explicitly configure spring.jpa.open-in-view to disable this warning
2020-05-17 14:51:16.515 [INFO ] [restartedMain] o.s.s.c.ThreadPoolTaskExecutor - Initializing ExecutorService 'applicationTaskExecutor'
2020-05-17 14:51:16.794 [INFO ] [restartedMain] o.s.b.w.e.t.TomcatWebServer - Tomcat started on port(s): 8085 (http) with context path ''
2020-05-17 14:51:16.796 [INFO ] [restartedMain] c.e.d.DevopscasestudyApplication - Started DevopscasestudyApplication in 2.186 seconds (JVM running for 119.143)
2020-05-17 14:51:16.818 [INFO ] [restartedMain] o.s.b.d.a.ConditionEvaluationDeltaLoggingListener - Condition evaluation unchanged
2020-05-17 17:44:02.136 [INFO ] [RMI TCP Connection(131)-127.0.0.1] o.s.b.a.SpringApplicationAdminMXBeanRegistrar$SpringApplicationAdmin - Application shutdown requested.
2020-05-17 17:44:02.216 [INFO ] [RMI TCP Connection(131)-127.0.0.1] o.s.s.c.ThreadPoolTaskExecutor - Shutting down ExecutorService 'applicationTaskExecutor'
2020-05-17 17:44:02.222 [INFO ] [RMI TCP Connection(131)-127.0.0.1] o.s.o.j.LocalContainerEntityManagerFactoryBean - Closing JPA EntityManagerFactory for persistence unit 'default'
2020-05-17 17:44:02.248 [INFO ] [RMI TCP Connection(131)-127.0.0.1] c.z.h.HikariDataSource - HikariPool-2 - Shutdown initiated...
2020-05-17 17:44:02.258 [INFO ] [RMI TCP Connection(131)-127.0.0.1] c.z.h.HikariDataSource - HikariPool-2 - Shutdown completed.
