2020-05-07 19:18:22.117 [INFO ] [restartedMain] c.e.d.DevopscasestudyApplication - Starting DevopscasestudyApplication on DESKTOP-ADV8I8R with PID 17276 (C:\devops\java\devopscasestudy\target\classes started by SiddhiKshirsagar in C:\devops\java\devopscasestudy)
2020-05-07 19:18:22.117 [INFO ] [restartedMain] c.e.d.DevopscasestudyApplication - No active profile set, falling back to default profiles: default
2020-05-07 19:18:22.598 [INFO ] [restartedMain] o.s.d.r.c.RepositoryConfigurationDelegate - Bootstrapping Spring Data JPA repositories in DEFAULT mode.
2020-05-07 19:18:22.622 [INFO ] [restartedMain] o.s.d.r.c.RepositoryConfigurationDelegate - Finished Spring Data repository scanning in 23ms. Found 1 JPA repository interfaces.
2020-05-07 19:18:22.984 [INFO ] [restartedMain] o.s.b.w.e.t.TomcatWebServer - Tomcat initialized with port(s): 8085 (http)
2020-05-07 19:18:22.985 [INFO ] [restartedMain] o.a.c.c.StandardService - Starting service [Tomcat]
2020-05-07 19:18:22.985 [INFO ] [restartedMain] o.a.c.c.StandardEngine - Starting Servlet engine: [Apache Tomcat/9.0.33]
2020-05-07 19:18:23.009 [INFO ] [restartedMain] o.a.c.c.C.[.[.[/] - Initializing Spring embedded WebApplicationContext
2020-05-07 19:18:23.009 [INFO ] [restartedMain] o.s.w.c.ContextLoader - Root WebApplicationContext: initialization completed in 887 ms
2020-05-07 19:18:23.065 [INFO ] [restartedMain] o.h.j.i.u.LogHelper - HHH000204: Processing PersistenceUnitInfo [name: default]
2020-05-07 19:18:23.075 [INFO ] [restartedMain] c.z.h.HikariDataSource - HikariPool-6 - Starting...
2020-05-07 19:18:23.083 [INFO ] [restartedMain] c.z.h.HikariDataSource - HikariPool-6 - Start completed.
2020-05-07 19:18:23.083 [INFO ] [restartedMain] o.h.d.Dialect - HHH000400: Using dialect: org.hibernate.dialect.MySQL55Dialect
2020-05-07 19:18:23.405 [INFO ] [restartedMain] o.h.e.t.j.p.i.JtaPlatformInitiator - HHH000490: Using JtaPlatform implementation: [org.hibernate.engine.transaction.jta.platform.internal.NoJtaPlatform]
2020-05-07 19:18:23.406 [INFO ] [restartedMain] o.s.o.j.LocalContainerEntityManagerFactoryBean - Initialized JPA EntityManagerFactory for persistence unit 'default'
2020-05-07 19:18:23.422 [INFO ] [restartedMain] o.s.b.d.a.OptionalLiveReloadServer - LiveReload server is running on port 35729
2020-05-07 19:18:23.549 [WARN ] [restartedMain] o.s.b.a.o.j.JpaBaseConfiguration$JpaWebConfiguration - spring.jpa.open-in-view is enabled by default. Therefore, database queries may be performed during view rendering. Explicitly configure spring.jpa.open-in-view to disable this warning
2020-05-07 19:18:23.631 [INFO ] [restartedMain] o.s.s.c.ThreadPoolTaskExecutor - Initializing ExecutorService 'applicationTaskExecutor'
2020-05-07 19:18:23.774 [INFO ] [restartedMain] o.s.b.w.e.t.TomcatWebServer - Tomcat started on port(s): 8085 (http) with context path ''
2020-05-07 19:18:23.774 [INFO ] [restartedMain] c.e.d.DevopscasestudyApplication - Started DevopscasestudyApplication in 1.72 seconds (JVM running for 3182.778)
2020-05-07 19:18:23.776 [INFO ] [restartedMain] o.s.b.d.a.ConditionEvaluationDeltaLoggingListener - Condition evaluation unchanged
2020-05-07 19:19:28.888 [INFO ] [Thread-30] o.s.s.c.ThreadPoolTaskExecutor - Shutting down ExecutorService 'applicationTaskExecutor'
2020-05-07 19:19:28.891 [INFO ] [Thread-30] o.s.o.j.LocalContainerEntityManagerFactoryBean - Closing JPA EntityManagerFactory for persistence unit 'default'
2020-05-07 19:19:28.893 [INFO ] [Thread-30] c.z.h.HikariDataSource - HikariPool-6 - Shutdown initiated...
2020-05-07 19:19:28.918 [INFO ] [Thread-30] c.z.h.HikariDataSource - HikariPool-6 - Shutdown completed.
2020-05-07 19:19:29.893 [INFO ] [restartedMain] c.e.d.DevopscasestudyApplication - Starting DevopscasestudyApplication on DESKTOP-ADV8I8R with PID 17276 (C:\devops\java\devopscasestudy\target\classes started by SiddhiKshirsagar in C:\devops\java\devopscasestudy)
2020-05-07 19:19:29.894 [INFO ] [restartedMain] c.e.d.DevopscasestudyApplication - No active profile set, falling back to default profiles: default
2020-05-07 19:19:30.175 [INFO ] [restartedMain] o.s.d.r.c.RepositoryConfigurationDelegate - Bootstrapping Spring Data JPA repositories in DEFAULT mode.
2020-05-07 19:19:30.187 [INFO ] [restartedMain] o.s.d.r.c.RepositoryConfigurationDelegate - Finished Spring Data repository scanning in 12ms. Found 1 JPA repository interfaces.
2020-05-07 19:19:30.364 [INFO ] [restartedMain] o.s.b.w.e.t.TomcatWebServer - Tomcat initialized with port(s): 8085 (http)
2020-05-07 19:19:30.365 [INFO ] [restartedMain] o.a.c.c.StandardService - Starting service [Tomcat]
2020-05-07 19:19:30.366 [INFO ] [restartedMain] o.a.c.c.StandardEngine - Starting Servlet engine: [Apache Tomcat/9.0.33]
2020-05-07 19:19:30.387 [INFO ] [restartedMain] o.a.c.c.C.[.[.[/] - Initializing Spring embedded WebApplicationContext
2020-05-07 19:19:30.387 [INFO ] [restartedMain] o.s.w.c.ContextLoader - Root WebApplicationContext: initialization completed in 490 ms
2020-05-07 19:19:30.432 [INFO ] [restartedMain] o.h.j.i.u.LogHelper - HHH000204: Processing PersistenceUnitInfo [name: default]
2020-05-07 19:19:30.439 [INFO ] [restartedMain] c.z.h.HikariDataSource - HikariPool-7 - Starting...
2020-05-07 19:19:30.446 [INFO ] [restartedMain] c.z.h.HikariDataSource - HikariPool-7 - Start completed.
2020-05-07 19:19:30.446 [INFO ] [restartedMain] o.h.d.Dialect - HHH000400: Using dialect: org.hibernate.dialect.MySQL55Dialect
2020-05-07 19:19:30.735 [INFO ] [restartedMain] o.h.e.t.j.p.i.JtaPlatformInitiator - HHH000490: Using JtaPlatform implementation: [org.hibernate.engine.transaction.jta.platform.internal.NoJtaPlatform]
2020-05-07 19:19:30.736 [INFO ] [restartedMain] o.s.o.j.LocalContainerEntityManagerFactoryBean - Initialized JPA EntityManagerFactory for persistence unit 'default'
2020-05-07 19:19:30.750 [INFO ] [restartedMain] o.s.b.d.a.OptionalLiveReloadServer - LiveReload server is running on port 35729
2020-05-07 19:19:30.824 [WARN ] [restartedMain] o.s.b.a.o.j.JpaBaseConfiguration$JpaWebConfiguration - spring.jpa.open-in-view is enabled by default. Therefore, database queries may be performed during view rendering. Explicitly configure spring.jpa.open-in-view to disable this warning
2020-05-07 19:19:30.867 [INFO ] [restartedMain] o.s.s.c.ThreadPoolTaskExecutor - Initializing ExecutorService 'applicationTaskExecutor'
2020-05-07 19:19:30.964 [INFO ] [restartedMain] o.s.b.w.e.t.TomcatWebServer - Tomcat started on port(s): 8085 (http) with context path ''
2020-05-07 19:19:30.965 [INFO ] [restartedMain] c.e.d.DevopscasestudyApplication - Started DevopscasestudyApplication in 1.111 seconds (JVM running for 3249.969)
2020-05-07 19:19:30.968 [INFO ] [restartedMain] o.s.b.d.a.ConditionEvaluationDeltaLoggingListener - Condition evaluation unchanged
2020-05-07 19:54:26.035 [INFO ] [Thread-35] o.s.s.c.ThreadPoolTaskExecutor - Shutting down ExecutorService 'applicationTaskExecutor'
2020-05-07 19:54:26.039 [INFO ] [Thread-35] o.s.o.j.LocalContainerEntityManagerFactoryBean - Closing JPA EntityManagerFactory for persistence unit 'default'
2020-05-07 19:54:26.042 [INFO ] [Thread-35] c.z.h.HikariDataSource - HikariPool-7 - Shutdown initiated...
2020-05-07 19:54:26.054 [INFO ] [Thread-35] c.z.h.HikariDataSource - HikariPool-7 - Shutdown completed.
